{
  "C:\\Users\\haker\\Desktop\\rs-react\\src\\App.tsx": {
    "path": "C:\\Users\\haker\\Desktop\\rs-react\\src\\App.tsx",
    "all": false,
    "statementMap": {
      "0": { "start": { "line": 1, "column": 0 }, "end": { "line": 1, "column": 26 } },
      "1": { "start": { "line": 2, "column": 0 }, "end": { "line": 2, "column": 49 } },
      "2": { "start": { "line": 3, "column": 0 }, "end": { "line": 3, "column": 41 } },
      "3": { "start": { "line": 4, "column": 0 }, "end": { "line": 4, "column": 41 } },
      "4": { "start": { "line": 5, "column": 0 }, "end": { "line": 5, "column": 0 } },
      "5": { "start": { "line": 6, "column": 0 }, "end": { "line": 6, "column": 23 } },
      "6": { "start": { "line": 7, "column": 0 }, "end": { "line": 7, "column": 10 } },
      "7": { "start": { "line": 8, "column": 0 }, "end": { "line": 8, "column": 6 } },
      "8": { "start": { "line": 9, "column": 0 }, "end": { "line": 9, "column": 16 } },
      "9": { "start": { "line": 10, "column": 0 }, "end": { "line": 10, "column": 16 } },
      "10": { "start": { "line": 11, "column": 0 }, "end": { "line": 11, "column": 7 } },
      "11": { "start": { "line": 12, "column": 0 }, "end": { "line": 12, "column": 4 } },
      "12": { "start": { "line": 13, "column": 0 }, "end": { "line": 13, "column": 1 } },
      "13": { "start": { "line": 14, "column": 0 }, "end": { "line": 14, "column": 0 } },
      "14": { "start": { "line": 15, "column": 0 }, "end": { "line": 15, "column": 30 } },
      "15": { "start": { "line": 16, "column": 0 }, "end": { "line": 16, "column": 10 } },
      "16": { "start": { "line": 17, "column": 0 }, "end": { "line": 17, "column": 19 } },
      "17": { "start": { "line": 18, "column": 0 }, "end": { "line": 18, "column": 13 } },
      "18": { "start": { "line": 19, "column": 0 }, "end": { "line": 19, "column": 20 } },
      "19": { "start": { "line": 20, "column": 0 }, "end": { "line": 20, "column": 4 } },
      "20": { "start": { "line": 21, "column": 0 }, "end": { "line": 21, "column": 1 } }
    },
    "s": {
      "0": 1,
      "1": 1,
      "2": 1,
      "3": 1,
      "4": 1,
      "5": 1,
      "6": 2,
      "7": 2,
      "8": 2,
      "9": 2,
      "10": 2,
      "11": 2,
      "12": 1,
      "13": 1,
      "14": 1,
      "15": 1,
      "16": 1,
      "17": 1,
      "18": 1,
      "19": 1,
      "20": 1
    },
    "branchMap": {
      "0": {
        "type": "branch",
        "line": 6,
        "loc": { "start": { "line": 6, "column": 7 }, "end": { "line": 13, "column": 1 } },
        "locations": [{ "start": { "line": 6, "column": 7 }, "end": { "line": 13, "column": 1 } }]
      },
      "1": {
        "type": "branch",
        "line": 13,
        "loc": { "start": { "line": 13, "column": 0 }, "end": { "line": 13, "column": 1 } },
        "locations": [{ "start": { "line": 13, "column": 0 }, "end": { "line": 13, "column": 1 } }]
      },
      "2": {
        "type": "branch",
        "line": 15,
        "loc": { "start": { "line": 15, "column": 7 }, "end": { "line": 21, "column": 1 } },
        "locations": [{ "start": { "line": 15, "column": 7 }, "end": { "line": 21, "column": 1 } }]
      },
      "3": {
        "type": "branch",
        "line": 21,
        "loc": { "start": { "line": 21, "column": 0 }, "end": { "line": 21, "column": 1 } },
        "locations": [{ "start": { "line": 21, "column": 0 }, "end": { "line": 21, "column": 1 } }]
      }
    },
    "b": { "0": [2], "1": [1], "2": [1], "3": [1] },
    "fnMap": {
      "0": {
        "name": "App",
        "decl": { "start": { "line": 6, "column": 7 }, "end": { "line": 13, "column": 1 } },
        "loc": { "start": { "line": 6, "column": 7 }, "end": { "line": 13, "column": 1 } },
        "line": 6
      },
      "1": {
        "name": "get",
        "decl": { "start": { "line": 13, "column": 0 }, "end": { "line": 13, "column": 1 } },
        "loc": { "start": { "line": 13, "column": 0 }, "end": { "line": 13, "column": 1 } },
        "line": 13
      },
      "2": {
        "name": "WrappedApp",
        "decl": { "start": { "line": 15, "column": 7 }, "end": { "line": 21, "column": 1 } },
        "loc": { "start": { "line": 15, "column": 7 }, "end": { "line": 21, "column": 1 } },
        "line": 15
      },
      "3": {
        "name": "get",
        "decl": { "start": { "line": 21, "column": 0 }, "end": { "line": 21, "column": 1 } },
        "loc": { "start": { "line": 21, "column": 0 }, "end": { "line": 21, "column": 1 } },
        "line": 21
      }
    },
    "f": { "0": 2, "1": 1, "2": 1, "3": 1 }
  },
  "C:\\Users\\haker\\Desktop\\rs-react\\src\\components\\Header.tsx": {
    "path": "C:\\Users\\haker\\Desktop\\rs-react\\src\\components\\Header.tsx",
    "all": false,
    "statementMap": {
      "0": { "start": { "line": 1, "column": 0 }, "end": { "line": 1, "column": 26 } },
      "1": { "start": { "line": 2, "column": 0 }, "end": { "line": 2, "column": 40 } },
      "2": { "start": { "line": 3, "column": 0 }, "end": { "line": 3, "column": 0 } },
      "3": { "start": { "line": 4, "column": 0 }, "end": { "line": 4, "column": 19 } },
      "4": { "start": { "line": 5, "column": 0 }, "end": { "line": 5, "column": 10 } },
      "5": { "start": { "line": 6, "column": 0 }, "end": { "line": 6, "column": 12 } },
      "6": { "start": { "line": 7, "column": 0 }, "end": { "line": 7, "column": 30 } },
      "7": { "start": { "line": 8, "column": 0 }, "end": { "line": 8, "column": 36 } },
      "8": { "start": { "line": 9, "column": 0 }, "end": { "line": 9, "column": 13 } },
      "9": { "start": { "line": 10, "column": 0 }, "end": { "line": 10, "column": 4 } },
      "10": { "start": { "line": 11, "column": 0 }, "end": { "line": 11, "column": 1 } },
      "11": { "start": { "line": 12, "column": 0 }, "end": { "line": 12, "column": 0 } },
      "12": { "start": { "line": 13, "column": 0 }, "end": { "line": 13, "column": 22 } }
    },
    "s": {
      "0": 1,
      "1": 1,
      "2": 1,
      "3": 2,
      "4": 2,
      "5": 2,
      "6": 2,
      "7": 2,
      "8": 2,
      "9": 2,
      "10": 2,
      "11": 1,
      "12": 1
    },
    "branchMap": {
      "0": {
        "type": "branch",
        "line": 4,
        "loc": { "start": { "line": 4, "column": 0 }, "end": { "line": 11, "column": 1 } },
        "locations": [{ "start": { "line": 4, "column": 0 }, "end": { "line": 11, "column": 1 } }]
      }
    },
    "b": { "0": [2] },
    "fnMap": {
      "0": {
        "name": "Header",
        "decl": { "start": { "line": 4, "column": 0 }, "end": { "line": 11, "column": 1 } },
        "loc": { "start": { "line": 4, "column": 0 }, "end": { "line": 11, "column": 1 } },
        "line": 4
      }
    },
    "f": { "0": 2 }
  },
  "C:\\Users\\haker\\Desktop\\rs-react\\src\\components\\Router.tsx": {
    "path": "C:\\Users\\haker\\Desktop\\rs-react\\src\\components\\Router.tsx",
    "all": false,
    "statementMap": {
      "0": { "start": { "line": 1, "column": 0 }, "end": { "line": 1, "column": 26 } },
      "1": { "start": { "line": 2, "column": 0 }, "end": { "line": 2, "column": 49 } },
      "2": { "start": { "line": 3, "column": 0 }, "end": { "line": 3, "column": 35 } },
      "3": { "start": { "line": 4, "column": 0 }, "end": { "line": 4, "column": 33 } },
      "4": { "start": { "line": 5, "column": 0 }, "end": { "line": 5, "column": 41 } },
      "5": { "start": { "line": 6, "column": 0 }, "end": { "line": 6, "column": 0 } },
      "6": { "start": { "line": 7, "column": 0 }, "end": { "line": 7, "column": 19 } },
      "7": { "start": { "line": 8, "column": 0 }, "end": { "line": 8, "column": 10 } },
      "8": { "start": { "line": 9, "column": 0 }, "end": { "line": 9, "column": 12 } },
      "9": { "start": { "line": 10, "column": 0 }, "end": { "line": 10, "column": 43 } },
      "10": { "start": { "line": 11, "column": 0 }, "end": { "line": 11, "column": 47 } },
      "11": { "start": { "line": 12, "column": 0 }, "end": { "line": 12, "column": 49 } },
      "12": { "start": { "line": 13, "column": 0 }, "end": { "line": 13, "column": 13 } },
      "13": { "start": { "line": 14, "column": 0 }, "end": { "line": 14, "column": 4 } },
      "14": { "start": { "line": 15, "column": 0 }, "end": { "line": 15, "column": 1 } },
      "15": { "start": { "line": 16, "column": 0 }, "end": { "line": 16, "column": 0 } },
      "16": { "start": { "line": 17, "column": 0 }, "end": { "line": 17, "column": 22 } }
    },
    "s": {
      "0": 1,
      "1": 1,
      "2": 1,
      "3": 1,
      "4": 1,
      "5": 1,
      "6": 2,
      "7": 2,
      "8": 2,
      "9": 2,
      "10": 2,
      "11": 2,
      "12": 2,
      "13": 2,
      "14": 2,
      "15": 1,
      "16": 1
    },
    "branchMap": {
      "0": {
        "type": "branch",
        "line": 7,
        "loc": { "start": { "line": 7, "column": 0 }, "end": { "line": 15, "column": 1 } },
        "locations": [{ "start": { "line": 7, "column": 0 }, "end": { "line": 15, "column": 1 } }]
      }
    },
    "b": { "0": [2] },
    "fnMap": {
      "0": {
        "name": "Router",
        "decl": { "start": { "line": 7, "column": 0 }, "end": { "line": 15, "column": 1 } },
        "loc": { "start": { "line": 7, "column": 0 }, "end": { "line": 15, "column": 1 } },
        "line": 7
      }
    },
    "f": { "0": 2 }
  },
  "C:\\Users\\haker\\Desktop\\rs-react\\src\\components\\Search.tsx": {
    "path": "C:\\Users\\haker\\Desktop\\rs-react\\src\\components\\Search.tsx",
    "all": false,
    "statementMap": {
      "0": { "start": { "line": 1, "column": 0 }, "end": { "line": 1, "column": 52 } },
      "1": { "start": { "line": 2, "column": 0 }, "end": { "line": 2, "column": 43 } },
      "2": { "start": { "line": 3, "column": 0 }, "end": { "line": 3, "column": 0 } },
      "3": { "start": { "line": 4, "column": 0 }, "end": { "line": 4, "column": 23 } },
      "4": { "start": { "line": 5, "column": 0 }, "end": { "line": 5, "column": 15 } },
      "5": { "start": { "line": 6, "column": 0 }, "end": { "line": 6, "column": 1 } },
      "6": { "start": { "line": 7, "column": 0 }, "end": { "line": 7, "column": 0 } },
      "7": { "start": { "line": 8, "column": 0 }, "end": { "line": 8, "column": 59 } },
      "8": { "start": { "line": 9, "column": 0 }, "end": { "line": 9, "column": 35 } },
      "9": { "start": { "line": 10, "column": 0 }, "end": { "line": 10, "column": 17 } },
      "10": { "start": { "line": 11, "column": 0 }, "end": { "line": 11, "column": 18 } },
      "11": { "start": { "line": 12, "column": 0 }, "end": { "line": 12, "column": 15 } },
      "12": { "start": { "line": 13, "column": 0 }, "end": { "line": 13, "column": 6 } },
      "13": { "start": { "line": 14, "column": 0 }, "end": { "line": 14, "column": 45 } },
      "14": { "start": { "line": 15, "column": 0 }, "end": { "line": 15, "column": 3 } },
      "15": { "start": { "line": 16, "column": 0 }, "end": { "line": 16, "column": 0 } },
      "16": { "start": { "line": 17, "column": 0 }, "end": { "line": 17, "column": 23 } },
      "17": { "start": { "line": 18, "column": 0 }, "end": { "line": 18, "column": 82 } },
      "18": { "start": { "line": 19, "column": 0 }, "end": { "line": 19, "column": 3 } },
      "19": { "start": { "line": 20, "column": 0 }, "end": { "line": 20, "column": 0 } },
      "20": { "start": { "line": 21, "column": 0 }, "end": { "line": 21, "column": 26 } },
      "21": { "start": { "line": 22, "column": 0 }, "end": { "line": 22, "column": 32 } },
      "22": { "start": { "line": 23, "column": 0 }, "end": { "line": 23, "column": 35 } },
      "23": { "start": { "line": 24, "column": 0 }, "end": { "line": 24, "column": 3 } },
      "24": { "start": { "line": 25, "column": 0 }, "end": { "line": 25, "column": 0 } },
      "25": { "start": { "line": 26, "column": 0 }, "end": { "line": 26, "column": 50 } },
      "26": { "start": { "line": 27, "column": 0 }, "end": { "line": 27, "column": 29 } },
      "27": { "start": { "line": 28, "column": 0 }, "end": { "line": 28, "column": 42 } },
      "28": { "start": { "line": 29, "column": 0 }, "end": { "line": 29, "column": 3 } },
      "29": { "start": { "line": 30, "column": 0 }, "end": { "line": 30, "column": 0 } },
      "30": { "start": { "line": 31, "column": 0 }, "end": { "line": 31, "column": 12 } },
      "31": { "start": { "line": 32, "column": 0 }, "end": { "line": 32, "column": 32 } },
      "32": { "start": { "line": 33, "column": 0 }, "end": { "line": 33, "column": 12 } },
      "33": { "start": { "line": 34, "column": 0 }, "end": { "line": 34, "column": 36 } },
      "34": { "start": { "line": 35, "column": 0 }, "end": { "line": 35, "column": 89 } },
      "35": { "start": { "line": 36, "column": 0 }, "end": { "line": 36, "column": 13 } },
      "36": { "start": { "line": 37, "column": 0 }, "end": { "line": 37, "column": 6 } },
      "37": { "start": { "line": 38, "column": 0 }, "end": { "line": 38, "column": 3 } },
      "38": { "start": { "line": 39, "column": 0 }, "end": { "line": 39, "column": 1 } },
      "39": { "start": { "line": 40, "column": 0 }, "end": { "line": 40, "column": 0 } },
      "40": { "start": { "line": 41, "column": 0 }, "end": { "line": 41, "column": 22 } }
    },
    "s": {
      "0": 1,
      "1": 1,
      "2": 1,
      "3": 1,
      "4": 1,
      "5": 1,
      "6": 1,
      "7": 1,
      "8": 1,
      "9": 1,
      "10": 1,
      "11": 1,
      "12": 1,
      "13": 1,
      "14": 1,
      "15": 1,
      "16": 1,
      "17": 1,
      "18": 1,
      "19": 1,
      "20": 1,
      "21": 1,
      "22": 1,
      "23": 1,
      "24": 1,
      "25": 1,
      "26": 0,
      "27": 0,
      "28": 0,
      "29": 1,
      "30": 1,
      "31": 1,
      "32": 1,
      "33": 1,
      "34": 1,
      "35": 1,
      "36": 1,
      "37": 1,
      "38": 1,
      "39": 1,
      "40": 1
    },
    "branchMap": {
      "0": {
        "type": "branch",
        "line": 9,
        "loc": { "start": { "line": 9, "column": 2 }, "end": { "line": 15, "column": 3 } },
        "locations": [{ "start": { "line": 9, "column": 2 }, "end": { "line": 15, "column": 3 } }]
      },
      "1": {
        "type": "branch",
        "line": 17,
        "loc": { "start": { "line": 17, "column": 2 }, "end": { "line": 19, "column": 3 } },
        "locations": [{ "start": { "line": 17, "column": 2 }, "end": { "line": 19, "column": 3 } }]
      },
      "2": {
        "type": "branch",
        "line": 18,
        "loc": { "start": { "line": 18, "column": 33 }, "end": { "line": 18, "column": 82 } },
        "locations": [
          { "start": { "line": 18, "column": 33 }, "end": { "line": 18, "column": 82 } }
        ]
      },
      "3": {
        "type": "branch",
        "line": 21,
        "loc": { "start": { "line": 21, "column": 2 }, "end": { "line": 24, "column": 3 } },
        "locations": [{ "start": { "line": 21, "column": 2 }, "end": { "line": 24, "column": 3 } }]
      },
      "4": {
        "type": "branch",
        "line": 31,
        "loc": { "start": { "line": 31, "column": 2 }, "end": { "line": 38, "column": 3 } },
        "locations": [{ "start": { "line": 31, "column": 2 }, "end": { "line": 38, "column": 3 } }]
      }
    },
    "b": { "0": [1], "1": [1], "2": [0], "3": [1], "4": [1] },
    "fnMap": {
      "0": {
        "name": "Search",
        "decl": { "start": { "line": 9, "column": 2 }, "end": { "line": 15, "column": 3 } },
        "loc": { "start": { "line": 9, "column": 2 }, "end": { "line": 15, "column": 3 } },
        "line": 9
      },
      "1": {
        "name": "componentDidMount",
        "decl": { "start": { "line": 17, "column": 2 }, "end": { "line": 19, "column": 3 } },
        "loc": { "start": { "line": 17, "column": 2 }, "end": { "line": 19, "column": 3 } },
        "line": 17
      },
      "2": {
        "name": "componentWillUnmount",
        "decl": { "start": { "line": 21, "column": 2 }, "end": { "line": 24, "column": 3 } },
        "loc": { "start": { "line": 21, "column": 2 }, "end": { "line": 24, "column": 3 } },
        "line": 21
      },
      "3": {
        "name": "onChange",
        "decl": { "start": { "line": 26, "column": 2 }, "end": { "line": 29, "column": 3 } },
        "loc": { "start": { "line": 26, "column": 2 }, "end": { "line": 29, "column": 3 } },
        "line": 26
      },
      "4": {
        "name": "render",
        "decl": { "start": { "line": 31, "column": 2 }, "end": { "line": 38, "column": 3 } },
        "loc": { "start": { "line": 31, "column": 2 }, "end": { "line": 38, "column": 3 } },
        "line": 31
      }
    },
    "f": { "0": 1, "1": 1, "2": 1, "3": 0, "4": 1 }
  },
  "C:\\Users\\haker\\Desktop\\rs-react\\src\\components\\UserCard.tsx": {
    "path": "C:\\Users\\haker\\Desktop\\rs-react\\src\\components\\UserCard.tsx",
    "all": false,
    "statementMap": {
      "0": { "start": { "line": 1, "column": 0 }, "end": { "line": 1, "column": 26 } },
      "1": { "start": { "line": 2, "column": 0 }, "end": { "line": 2, "column": 0 } },
      "2": { "start": { "line": 3, "column": 0 }, "end": { "line": 3, "column": 16 } },
      "3": { "start": { "line": 4, "column": 0 }, "end": { "line": 4, "column": 17 } },
      "4": { "start": { "line": 5, "column": 0 }, "end": { "line": 5, "column": 9 } },
      "5": { "start": { "line": 6, "column": 0 }, "end": { "line": 6, "column": 18 } },
      "6": { "start": { "line": 7, "column": 0 }, "end": { "line": 7, "column": 17 } },
      "7": { "start": { "line": 8, "column": 0 }, "end": { "line": 8, "column": 4 } },
      "8": { "start": { "line": 9, "column": 0 }, "end": { "line": 9, "column": 13 } },
      "9": { "start": { "line": 10, "column": 0 }, "end": { "line": 10, "column": 17 } },
      "10": { "start": { "line": 11, "column": 0 }, "end": { "line": 11, "column": 18 } },
      "11": { "start": { "line": 12, "column": 0 }, "end": { "line": 12, "column": 20 } },
      "12": { "start": { "line": 13, "column": 0 }, "end": { "line": 13, "column": 4 } },
      "13": { "start": { "line": 14, "column": 0 }, "end": { "line": 14, "column": 16 } },
      "14": { "start": { "line": 15, "column": 0 }, "end": { "line": 15, "column": 10 } },
      "15": { "start": { "line": 16, "column": 0 }, "end": { "line": 16, "column": 21 } },
      "16": { "start": { "line": 17, "column": 0 }, "end": { "line": 17, "column": 4 } },
      "17": { "start": { "line": 18, "column": 0 }, "end": { "line": 18, "column": 8 } },
      "18": { "start": { "line": 19, "column": 0 }, "end": { "line": 19, "column": 17 } },
      "19": { "start": { "line": 20, "column": 0 }, "end": { "line": 20, "column": 16 } },
      "20": { "start": { "line": 21, "column": 0 }, "end": { "line": 21, "column": 4 } },
      "21": { "start": { "line": 22, "column": 0 }, "end": { "line": 22, "column": 15 } },
      "22": { "start": { "line": 23, "column": 0 }, "end": { "line": 23, "column": 17 } },
      "23": { "start": { "line": 24, "column": 0 }, "end": { "line": 24, "column": 16 } },
      "24": { "start": { "line": 25, "column": 0 }, "end": { "line": 25, "column": 4 } },
      "25": { "start": { "line": 26, "column": 0 }, "end": { "line": 26, "column": 16 } },
      "26": { "start": { "line": 27, "column": 0 }, "end": { "line": 27, "column": 15 } },
      "27": { "start": { "line": 28, "column": 0 }, "end": { "line": 28, "column": 7 } },
      "28": { "start": { "line": 29, "column": 0 }, "end": { "line": 29, "column": 17 } },
      "29": { "start": { "line": 30, "column": 0 }, "end": { "line": 30, "column": 18 } },
      "30": { "start": { "line": 31, "column": 0 }, "end": { "line": 31, "column": 4 } },
      "31": { "start": { "line": 32, "column": 0 }, "end": { "line": 32, "column": 12 } },
      "32": { "start": { "line": 33, "column": 0 }, "end": { "line": 33, "column": 18 } },
      "33": { "start": { "line": 34, "column": 0 }, "end": { "line": 34, "column": 19 } },
      "34": { "start": { "line": 35, "column": 0 }, "end": { "line": 35, "column": 22 } },
      "35": { "start": { "line": 36, "column": 0 }, "end": { "line": 36, "column": 4 } },
      "36": { "start": { "line": 37, "column": 0 }, "end": { "line": 37, "column": 14 } },
      "37": { "start": { "line": 38, "column": 0 }, "end": { "line": 38, "column": 1 } },
      "38": { "start": { "line": 39, "column": 0 }, "end": { "line": 39, "column": 0 } },
      "39": { "start": { "line": 40, "column": 0 }, "end": { "line": 40, "column": 69 } },
      "40": { "start": { "line": 41, "column": 0 }, "end": { "line": 41, "column": 28 } },
      "41": { "start": { "line": 42, "column": 0 }, "end": { "line": 42, "column": 17 } },
      "42": { "start": { "line": 43, "column": 0 }, "end": { "line": 43, "column": 18 } },
      "43": { "start": { "line": 44, "column": 0 }, "end": { "line": 44, "column": 26 } },
      "44": { "start": { "line": 45, "column": 0 }, "end": { "line": 45, "column": 6 } },
      "45": { "start": { "line": 46, "column": 0 }, "end": { "line": 46, "column": 3 } },
      "46": { "start": { "line": 47, "column": 0 }, "end": { "line": 47, "column": 0 } },
      "47": { "start": { "line": 48, "column": 0 }, "end": { "line": 48, "column": 23 } },
      "48": { "start": { "line": 49, "column": 0 }, "end": { "line": 49, "column": 50 } },
      "49": { "start": { "line": 50, "column": 0 }, "end": { "line": 50, "column": 42 } },
      "50": { "start": { "line": 51, "column": 0 }, "end": { "line": 51, "column": 62 } },
      "51": { "start": { "line": 52, "column": 0 }, "end": { "line": 52, "column": 3 } },
      "52": { "start": { "line": 53, "column": 0 }, "end": { "line": 53, "column": 0 } },
      "53": { "start": { "line": 54, "column": 0 }, "end": { "line": 54, "column": 12 } },
      "54": { "start": { "line": 55, "column": 0 }, "end": { "line": 55, "column": 33 } },
      "55": { "start": { "line": 56, "column": 0 }, "end": { "line": 56, "column": 12 } },
      "56": { "start": { "line": 57, "column": 0 }, "end": { "line": 57, "column": 32 } },
      "57": { "start": { "line": 58, "column": 0 }, "end": { "line": 58, "column": 30 } },
      "58": { "start": { "line": 59, "column": 0 }, "end": { "line": 59, "column": 62 } },
      "59": { "start": { "line": 60, "column": 0 }, "end": { "line": 60, "column": 51 } },
      "60": { "start": { "line": 61, "column": 0 }, "end": { "line": 61, "column": 15 } },
      "61": { "start": { "line": 62, "column": 0 }, "end": { "line": 62, "column": 48 } },
      "62": { "start": { "line": 63, "column": 0 }, "end": { "line": 63, "column": 16 } },
      "63": { "start": { "line": 64, "column": 0 }, "end": { "line": 64, "column": 15 } },
      "64": { "start": { "line": 65, "column": 0 }, "end": { "line": 65, "column": 82 } },
      "65": { "start": { "line": 66, "column": 0 }, "end": { "line": 66, "column": 16 } },
      "66": { "start": { "line": 67, "column": 0 }, "end": { "line": 67, "column": 15 } },
      "67": { "start": { "line": 68, "column": 0 }, "end": { "line": 68, "column": 11 } },
      "68": { "start": { "line": 69, "column": 0 }, "end": { "line": 69, "column": 11 } },
      "69": { "start": { "line": 70, "column": 0 }, "end": { "line": 70, "column": 6 } },
      "70": { "start": { "line": 71, "column": 0 }, "end": { "line": 71, "column": 3 } },
      "71": { "start": { "line": 72, "column": 0 }, "end": { "line": 72, "column": 1 } },
      "72": { "start": { "line": 73, "column": 0 }, "end": { "line": 73, "column": 0 } },
      "73": { "start": { "line": 74, "column": 0 }, "end": { "line": 74, "column": 26 } }
    },
    "s": {
      "0": 1,
      "1": 1,
      "2": 1,
      "3": 1,
      "4": 1,
      "5": 1,
      "6": 1,
      "7": 1,
      "8": 1,
      "9": 1,
      "10": 1,
      "11": 1,
      "12": 1,
      "13": 1,
      "14": 1,
      "15": 1,
      "16": 1,
      "17": 1,
      "18": 1,
      "19": 1,
      "20": 1,
      "21": 1,
      "22": 1,
      "23": 1,
      "24": 1,
      "25": 1,
      "26": 1,
      "27": 1,
      "28": 1,
      "29": 1,
      "30": 1,
      "31": 1,
      "32": 1,
      "33": 1,
      "34": 1,
      "35": 1,
      "36": 1,
      "37": 1,
      "38": 1,
      "39": 1,
      "40": 1,
      "41": 1,
      "42": 1,
      "43": 1,
      "44": 1,
      "45": 1,
      "46": 1,
      "47": 1,
      "48": 1,
      "49": 1,
      "50": 1,
      "51": 1,
      "52": 1,
      "53": 1,
      "54": 1,
      "55": 1,
      "56": 1,
      "57": 1,
      "58": 0,
      "59": 0,
      "60": 0,
      "61": 0,
      "62": 0,
      "63": 0,
      "64": 0,
      "65": 0,
      "66": 0,
      "67": 1,
      "68": 1,
      "69": 1,
      "70": 1,
      "71": 1,
      "72": 1,
      "73": 1
    },
    "branchMap": {
      "0": {
        "type": "branch",
        "line": 41,
        "loc": { "start": { "line": 41, "column": 2 }, "end": { "line": 46, "column": 3 } },
        "locations": [{ "start": { "line": 41, "column": 2 }, "end": { "line": 46, "column": 3 } }]
      },
      "1": {
        "type": "branch",
        "line": 48,
        "loc": { "start": { "line": 48, "column": 2 }, "end": { "line": 52, "column": 3 } },
        "locations": [{ "start": { "line": 48, "column": 2 }, "end": { "line": 52, "column": 3 } }]
      },
      "2": {
        "type": "branch",
        "line": 54,
        "loc": { "start": { "line": 54, "column": 2 }, "end": { "line": 71, "column": 3 } },
        "locations": [{ "start": { "line": 54, "column": 2 }, "end": { "line": 71, "column": 3 } }]
      }
    },
    "b": { "0": [1], "1": [1], "2": [1] },
    "fnMap": {
      "0": {
        "name": "UsersCards",
        "decl": { "start": { "line": 41, "column": 2 }, "end": { "line": 46, "column": 3 } },
        "loc": { "start": { "line": 41, "column": 2 }, "end": { "line": 46, "column": 3 } },
        "line": 41
      },
      "1": {
        "name": "componentDidMount",
        "decl": { "start": { "line": 48, "column": 2 }, "end": { "line": 52, "column": 3 } },
        "loc": { "start": { "line": 48, "column": 2 }, "end": { "line": 52, "column": 3 } },
        "line": 48
      },
      "2": {
        "name": "render",
        "decl": { "start": { "line": 54, "column": 2 }, "end": { "line": 71, "column": 3 } },
        "loc": { "start": { "line": 54, "column": 2 }, "end": { "line": 71, "column": 3 } },
        "line": 54
      }
    },
    "f": { "0": 1, "1": 1, "2": 1 }
  },
  "C:\\Users\\haker\\Desktop\\rs-react\\src\\pages\\About.tsx": {
    "path": "C:\\Users\\haker\\Desktop\\rs-react\\src\\pages\\About.tsx",
    "all": false,
    "statementMap": {
      "0": { "start": { "line": 1, "column": 0 }, "end": { "line": 1, "column": 26 } },
      "1": { "start": { "line": 2, "column": 0 }, "end": { "line": 2, "column": 0 } },
      "2": { "start": { "line": 3, "column": 0 }, "end": { "line": 3, "column": 18 } },
      "3": { "start": { "line": 4, "column": 0 }, "end": { "line": 4, "column": 27 } },
      "4": { "start": { "line": 5, "column": 0 }, "end": { "line": 5, "column": 1 } },
      "5": { "start": { "line": 6, "column": 0 }, "end": { "line": 6, "column": 0 } },
      "6": { "start": { "line": 7, "column": 0 }, "end": { "line": 7, "column": 21 } }
    },
    "s": { "0": 1, "1": 1, "2": 0, "3": 0, "4": 0, "5": 1, "6": 1 },
    "branchMap": {},
    "b": {},
    "fnMap": {
      "0": {
        "name": "About",
        "decl": { "start": { "line": 3, "column": 0 }, "end": { "line": 5, "column": 1 } },
        "loc": { "start": { "line": 3, "column": 0 }, "end": { "line": 5, "column": 1 } },
        "line": 3
      }
    },
    "f": { "0": 0 }
  },
  "C:\\Users\\haker\\Desktop\\rs-react\\src\\pages\\Home.tsx": {
    "path": "C:\\Users\\haker\\Desktop\\rs-react\\src\\pages\\Home.tsx",
    "all": false,
    "statementMap": {
      "0": { "start": { "line": 1, "column": 0 }, "end": { "line": 1, "column": 26 } },
      "1": { "start": { "line": 2, "column": 0 }, "end": { "line": 2, "column": 46 } },
      "2": { "start": { "line": 3, "column": 0 }, "end": { "line": 3, "column": 42 } },
      "3": { "start": { "line": 4, "column": 0 }, "end": { "line": 4, "column": 0 } },
      "4": { "start": { "line": 5, "column": 0 }, "end": { "line": 5, "column": 17 } },
      "5": { "start": { "line": 6, "column": 0 }, "end": { "line": 6, "column": 10 } },
      "6": { "start": { "line": 7, "column": 0 }, "end": { "line": 7, "column": 6 } },
      "7": { "start": { "line": 8, "column": 0 }, "end": { "line": 8, "column": 57 } },
      "8": { "start": { "line": 9, "column": 0 }, "end": { "line": 9, "column": 16 } },
      "9": { "start": { "line": 10, "column": 0 }, "end": { "line": 10, "column": 19 } },
      "10": { "start": { "line": 11, "column": 0 }, "end": { "line": 11, "column": 7 } },
      "11": { "start": { "line": 12, "column": 0 }, "end": { "line": 12, "column": 4 } },
      "12": { "start": { "line": 13, "column": 0 }, "end": { "line": 13, "column": 1 } },
      "13": { "start": { "line": 14, "column": 0 }, "end": { "line": 14, "column": 0 } },
      "14": { "start": { "line": 15, "column": 0 }, "end": { "line": 15, "column": 20 } }
    },
    "s": {
      "0": 1,
      "1": 1,
      "2": 1,
      "3": 1,
      "4": 1,
      "5": 1,
      "6": 1,
      "7": 1,
      "8": 1,
      "9": 1,
      "10": 1,
      "11": 1,
      "12": 1,
      "13": 1,
      "14": 1
    },
    "branchMap": {
      "0": {
        "type": "branch",
        "line": 5,
        "loc": { "start": { "line": 5, "column": 0 }, "end": { "line": 13, "column": 1 } },
        "locations": [{ "start": { "line": 5, "column": 0 }, "end": { "line": 13, "column": 1 } }]
      }
    },
    "b": { "0": [1] },
    "fnMap": {
      "0": {
        "name": "Home",
        "decl": { "start": { "line": 5, "column": 0 }, "end": { "line": 13, "column": 1 } },
        "loc": { "start": { "line": 5, "column": 0 }, "end": { "line": 13, "column": 1 } },
        "line": 5
      }
    },
    "f": { "0": 1 }
  },
  "C:\\Users\\haker\\Desktop\\rs-react\\src\\pages\\NotFound.tsx": {
    "path": "C:\\Users\\haker\\Desktop\\rs-react\\src\\pages\\NotFound.tsx",
    "all": false,
    "statementMap": {
      "0": { "start": { "line": 1, "column": 0 }, "end": { "line": 1, "column": 26 } },
      "1": { "start": { "line": 2, "column": 0 }, "end": { "line": 2, "column": 40 } },
      "2": { "start": { "line": 3, "column": 0 }, "end": { "line": 3, "column": 0 } },
      "3": { "start": { "line": 4, "column": 0 }, "end": { "line": 4, "column": 21 } },
      "4": { "start": { "line": 5, "column": 0 }, "end": { "line": 5, "column": 10 } },
      "5": { "start": { "line": 6, "column": 0 }, "end": { "line": 6, "column": 6 } },
      "6": { "start": { "line": 7, "column": 0 }, "end": { "line": 7, "column": 25 } },
      "7": { "start": { "line": 8, "column": 0 }, "end": { "line": 8, "column": 33 } },
      "8": { "start": { "line": 9, "column": 0 }, "end": { "line": 9, "column": 7 } },
      "9": { "start": { "line": 10, "column": 0 }, "end": { "line": 10, "column": 4 } },
      "10": { "start": { "line": 11, "column": 0 }, "end": { "line": 11, "column": 1 } },
      "11": { "start": { "line": 12, "column": 0 }, "end": { "line": 12, "column": 0 } },
      "12": { "start": { "line": 13, "column": 0 }, "end": { "line": 13, "column": 24 } }
    },
    "s": {
      "0": 1,
      "1": 1,
      "2": 1,
      "3": 1,
      "4": 1,
      "5": 1,
      "6": 1,
      "7": 1,
      "8": 1,
      "9": 1,
      "10": 1,
      "11": 1,
      "12": 1
    },
    "branchMap": {
      "0": {
        "type": "branch",
        "line": 4,
        "loc": { "start": { "line": 4, "column": 0 }, "end": { "line": 11, "column": 1 } },
        "locations": [{ "start": { "line": 4, "column": 0 }, "end": { "line": 11, "column": 1 } }]
      }
    },
    "b": { "0": [1] },
    "fnMap": {
      "0": {
        "name": "NotFound",
        "decl": { "start": { "line": 4, "column": 0 }, "end": { "line": 11, "column": 1 } },
        "loc": { "start": { "line": 4, "column": 0 }, "end": { "line": 11, "column": 1 } },
        "line": 4
      }
    },
    "f": { "0": 1 }
  }
}
