{
  "C:\\Users\\haker\\Desktop\\rs-react\\src\\App.tsx": {
    "path": "C:\\Users\\haker\\Desktop\\rs-react\\src\\App.tsx",
    "all": false,
    "statementMap": {
      "0": { "start": { "line": 1, "column": 0 }, "end": { "line": 1, "column": 26 } },
      "1": { "start": { "line": 2, "column": 0 }, "end": { "line": 2, "column": 64 } },
      "2": { "start": { "line": 3, "column": 0 }, "end": { "line": 3, "column": 32 } },
      "3": { "start": { "line": 4, "column": 0 }, "end": { "line": 4, "column": 40 } },
      "4": { "start": { "line": 5, "column": 0 }, "end": { "line": 5, "column": 34 } },
      "5": { "start": { "line": 6, "column": 0 }, "end": { "line": 6, "column": 0 } },
      "6": { "start": { "line": 7, "column": 0 }, "end": { "line": 7, "column": 23 } },
      "7": { "start": { "line": 8, "column": 0 }, "end": { "line": 8, "column": 10 } },
      "8": { "start": { "line": 9, "column": 0 }, "end": { "line": 9, "column": 12 } },
      "9": { "start": { "line": 10, "column": 0 }, "end": { "line": 10, "column": 43 } },
      "10": { "start": { "line": 11, "column": 0 }, "end": { "line": 11, "column": 47 } },
      "11": { "start": { "line": 12, "column": 0 }, "end": { "line": 12, "column": 49 } },
      "12": { "start": { "line": 13, "column": 0 }, "end": { "line": 13, "column": 13 } },
      "13": { "start": { "line": 14, "column": 0 }, "end": { "line": 14, "column": 4 } },
      "14": { "start": { "line": 15, "column": 0 }, "end": { "line": 15, "column": 1 } },
      "15": { "start": { "line": 16, "column": 0 }, "end": { "line": 16, "column": 0 } },
      "16": { "start": { "line": 17, "column": 0 }, "end": { "line": 17, "column": 30 } },
      "17": { "start": { "line": 18, "column": 0 }, "end": { "line": 18, "column": 10 } },
      "18": { "start": { "line": 19, "column": 0 }, "end": { "line": 19, "column": 19 } },
      "19": { "start": { "line": 20, "column": 0 }, "end": { "line": 20, "column": 13 } },
      "20": { "start": { "line": 21, "column": 0 }, "end": { "line": 21, "column": 20 } },
      "21": { "start": { "line": 22, "column": 0 }, "end": { "line": 22, "column": 4 } },
      "22": { "start": { "line": 23, "column": 0 }, "end": { "line": 23, "column": 1 } }
    },
    "s": {
      "0": 1,
      "1": 1,
      "2": 1,
      "3": 1,
      "4": 1,
      "5": 1,
      "6": 1,
      "7": 2,
      "8": 2,
      "9": 2,
      "10": 2,
      "11": 2,
      "12": 2,
      "13": 2,
      "14": 1,
      "15": 1,
      "16": 1,
      "17": 1,
      "18": 1,
      "19": 1,
      "20": 1,
      "21": 1,
      "22": 1
    },
    "branchMap": {
      "0": {
        "type": "branch",
        "line": 7,
        "loc": { "start": { "line": 7, "column": 7 }, "end": { "line": 15, "column": 1 } },
        "locations": [{ "start": { "line": 7, "column": 7 }, "end": { "line": 15, "column": 1 } }]
      },
      "1": {
        "type": "branch",
        "line": 15,
        "loc": { "start": { "line": 15, "column": 0 }, "end": { "line": 15, "column": 1 } },
        "locations": [{ "start": { "line": 15, "column": 0 }, "end": { "line": 15, "column": 1 } }]
      },
      "2": {
        "type": "branch",
        "line": 17,
        "loc": { "start": { "line": 17, "column": 7 }, "end": { "line": 23, "column": 1 } },
        "locations": [{ "start": { "line": 17, "column": 7 }, "end": { "line": 23, "column": 1 } }]
      },
      "3": {
        "type": "branch",
        "line": 23,
        "loc": { "start": { "line": 23, "column": 0 }, "end": { "line": 23, "column": 1 } },
        "locations": [{ "start": { "line": 23, "column": 0 }, "end": { "line": 23, "column": 1 } }]
      }
    },
    "b": { "0": [2], "1": [1], "2": [1], "3": [1] },
    "fnMap": {
      "0": {
        "name": "App",
        "decl": { "start": { "line": 7, "column": 7 }, "end": { "line": 15, "column": 1 } },
        "loc": { "start": { "line": 7, "column": 7 }, "end": { "line": 15, "column": 1 } },
        "line": 7
      },
      "1": {
        "name": "get",
        "decl": { "start": { "line": 15, "column": 0 }, "end": { "line": 15, "column": 1 } },
        "loc": { "start": { "line": 15, "column": 0 }, "end": { "line": 15, "column": 1 } },
        "line": 15
      },
      "2": {
        "name": "WrappedApp",
        "decl": { "start": { "line": 17, "column": 7 }, "end": { "line": 23, "column": 1 } },
        "loc": { "start": { "line": 17, "column": 7 }, "end": { "line": 23, "column": 1 } },
        "line": 17
      },
      "3": {
        "name": "get",
        "decl": { "start": { "line": 23, "column": 0 }, "end": { "line": 23, "column": 1 } },
        "loc": { "start": { "line": 23, "column": 0 }, "end": { "line": 23, "column": 1 } },
        "line": 23
      }
    },
    "f": { "0": 2, "1": 1, "2": 1, "3": 1 }
  },
  "C:\\Users\\haker\\Desktop\\rs-react\\src\\pages\\About.tsx": {
    "path": "C:\\Users\\haker\\Desktop\\rs-react\\src\\pages\\About.tsx",
    "all": false,
    "statementMap": {
      "0": { "start": { "line": 1, "column": 0 }, "end": { "line": 1, "column": 26 } },
      "1": { "start": { "line": 2, "column": 0 }, "end": { "line": 2, "column": 0 } },
      "2": { "start": { "line": 3, "column": 0 }, "end": { "line": 3, "column": 18 } },
      "3": { "start": { "line": 4, "column": 0 }, "end": { "line": 4, "column": 27 } },
      "4": { "start": { "line": 5, "column": 0 }, "end": { "line": 5, "column": 1 } },
      "5": { "start": { "line": 6, "column": 0 }, "end": { "line": 6, "column": 0 } },
      "6": { "start": { "line": 7, "column": 0 }, "end": { "line": 7, "column": 21 } }
    },
    "s": { "0": 1, "1": 1, "2": 0, "3": 0, "4": 0, "5": 1, "6": 1 },
    "branchMap": {},
    "b": {},
    "fnMap": {
      "0": {
        "name": "About",
        "decl": { "start": { "line": 3, "column": 0 }, "end": { "line": 5, "column": 1 } },
        "loc": { "start": { "line": 3, "column": 0 }, "end": { "line": 5, "column": 1 } },
        "line": 3
      }
    },
    "f": { "0": 0 }
  },
  "C:\\Users\\haker\\Desktop\\rs-react\\src\\pages\\Home.tsx": {
    "path": "C:\\Users\\haker\\Desktop\\rs-react\\src\\pages\\Home.tsx",
    "all": false,
    "statementMap": {
      "0": { "start": { "line": 1, "column": 0 }, "end": { "line": 1, "column": 26 } },
      "1": { "start": { "line": 2, "column": 0 }, "end": { "line": 2, "column": 0 } },
      "2": { "start": { "line": 3, "column": 0 }, "end": { "line": 3, "column": 17 } },
      "3": { "start": { "line": 4, "column": 0 }, "end": { "line": 4, "column": 48 } },
      "4": { "start": { "line": 5, "column": 0 }, "end": { "line": 5, "column": 1 } },
      "5": { "start": { "line": 6, "column": 0 }, "end": { "line": 6, "column": 0 } },
      "6": { "start": { "line": 7, "column": 0 }, "end": { "line": 7, "column": 20 } }
    },
    "s": { "0": 1, "1": 1, "2": 1, "3": 1, "4": 1, "5": 1, "6": 1 },
    "branchMap": {
      "0": {
        "type": "branch",
        "line": 3,
        "loc": { "start": { "line": 3, "column": 0 }, "end": { "line": 5, "column": 1 } },
        "locations": [{ "start": { "line": 3, "column": 0 }, "end": { "line": 5, "column": 1 } }]
      }
    },
    "b": { "0": [1] },
    "fnMap": {
      "0": {
        "name": "Home",
        "decl": { "start": { "line": 3, "column": 0 }, "end": { "line": 5, "column": 1 } },
        "loc": { "start": { "line": 3, "column": 0 }, "end": { "line": 5, "column": 1 } },
        "line": 3
      }
    },
    "f": { "0": 1 }
  },
  "C:\\Users\\haker\\Desktop\\rs-react\\src\\pages\\NotFound.tsx": {
    "path": "C:\\Users\\haker\\Desktop\\rs-react\\src\\pages\\NotFound.tsx",
    "all": false,
    "statementMap": {
      "0": { "start": { "line": 1, "column": 0 }, "end": { "line": 1, "column": 26 } },
      "1": { "start": { "line": 2, "column": 0 }, "end": { "line": 2, "column": 40 } },
      "2": { "start": { "line": 3, "column": 0 }, "end": { "line": 3, "column": 0 } },
      "3": { "start": { "line": 4, "column": 0 }, "end": { "line": 4, "column": 21 } },
      "4": { "start": { "line": 5, "column": 0 }, "end": { "line": 5, "column": 10 } },
      "5": { "start": { "line": 6, "column": 0 }, "end": { "line": 6, "column": 6 } },
      "6": { "start": { "line": 7, "column": 0 }, "end": { "line": 7, "column": 25 } },
      "7": { "start": { "line": 8, "column": 0 }, "end": { "line": 8, "column": 33 } },
      "8": { "start": { "line": 9, "column": 0 }, "end": { "line": 9, "column": 7 } },
      "9": { "start": { "line": 10, "column": 0 }, "end": { "line": 10, "column": 4 } },
      "10": { "start": { "line": 11, "column": 0 }, "end": { "line": 11, "column": 1 } },
      "11": { "start": { "line": 12, "column": 0 }, "end": { "line": 12, "column": 0 } },
      "12": { "start": { "line": 13, "column": 0 }, "end": { "line": 13, "column": 24 } }
    },
    "s": {
      "0": 1,
      "1": 1,
      "2": 1,
      "3": 1,
      "4": 1,
      "5": 1,
      "6": 1,
      "7": 1,
      "8": 1,
      "9": 1,
      "10": 1,
      "11": 1,
      "12": 1
    },
    "branchMap": {
      "0": {
        "type": "branch",
        "line": 4,
        "loc": { "start": { "line": 4, "column": 0 }, "end": { "line": 11, "column": 1 } },
        "locations": [{ "start": { "line": 4, "column": 0 }, "end": { "line": 11, "column": 1 } }]
      }
    },
    "b": { "0": [1] },
    "fnMap": {
      "0": {
        "name": "NotFound",
        "decl": { "start": { "line": 4, "column": 0 }, "end": { "line": 11, "column": 1 } },
        "loc": { "start": { "line": 4, "column": 0 }, "end": { "line": 11, "column": 1 } },
        "line": 4
      }
    },
    "f": { "0": 1 }
  }
}
